<?xml version="1.0" encoding="UTF-8"?>
<testsuite xmlns:xsi="http://www.w3.org/2001/XMLSchema-instance" xsi:noNamespaceSchemaLocation="https://maven.apache.org/surefire/maven-surefire-plugin/xsd/surefire-test-report-3.0.xsd" version="3.0" name="com.example.telegrambot.TelegramBotApplicationTests" time="10.736" tests="1" errors="0" skipped="0" failures="0">
  <properties>
[...]
</properties>
  <testcase name="contextLoads" classname="com.example.telegrambot.TelegramBotApplicationTests" time="0.314">
    <system-out><![CDATA[
  .   ____          _            __ _ _
 /\\ / ___'_ __ _ _(_)_ __  __ _ \ \ \ \
( ( )\___ | '_ | '_| | '_ \/ _` | \ \ \ \
 \\/  ___)| |_)| | | | | || (_| |  ) ) ) )
  '  |____| .__|_| |_|_| |_\__, | / / / /
 =========|_|==============|___/=/_/_/_/
 :: Spring Boot ::                (v3.1.4)

Hibernate: 
    alter table schedule 
       drop 
       foreign key FKe7n46ean4msfykosu0f8sl8b8
Hibernate: 
    alter table schedule 
       drop 
       foreign key FKeilhvp4yl5cve2lixj87bu5t5
Hibernate: 
    alter table schedule 
       drop 
       foreign key FKof1t073hsxioayk2covxfe8um
Hibernate: 
    alter table schedule_replacement 
       drop 
       foreign key FK6uovl785dsbg32ax9tpub97s1
Hibernate: 
    alter table schedule_replacement 
       drop 
       foreign key FKjmnmetumbvt6kbmh56256lmhb
Hibernate: 
    alter table schedule_replacement 
       drop 
       foreign key FKm852ay5f86j40rxdua2yxcp85
Hibernate: 
    alter table users 
       drop 
       foreign key FKrh97ri80311vw4bf8tw4g7b1c
Hibernate: 
    drop table if exists discipline
Hibernate: 
    drop table if exists discipline_replacement
Hibernate: 
    drop table if exists group_replacement
Hibernate: 
    drop table if exists groupa
Hibernate: 
    drop table if exists schedule
Hibernate: 
    drop table if exists schedule_replacement
Hibernate: 
    drop table if exists teacher
Hibernate: 
    drop table if exists teacher_replacement
Hibernate: 
    drop table if exists users
Hibernate: 
    drop table if exists users_seq
Hibernate: 
    create table discipline (
        id bigint not null auto_increment,
        lecture varchar(255),
        primary key (id)
    ) engine=InnoDB
Hibernate: 
    create table discipline_replacement (
        id bigint not null auto_increment,
        lecture_replacement varchar(255),
        primary key (id)
    ) engine=InnoDB
Hibernate: 
    create table group_replacement (
        id bigint not null auto_increment,
        group_name_replacement TEXT,
        primary key (id)
    ) engine=InnoDB
Hibernate: 
    create table groupa (
        id bigint not null auto_increment,
        group_name TEXT,
        primary key (id)
    ) engine=InnoDB
Hibernate: 
    create table schedule (
        discipline_id bigint,
        group_id bigint,
        id bigint not null auto_increment,
        teacher_id bigint,
        primary key (id)
    ) engine=InnoDB
Hibernate: 
    create table schedule_replacement (
        discipline_replacement_id bigint,
        group_replacement_id bigint,
        id bigint not null auto_increment,
        teacher_replacement_id bigint,
        primary key (id)
    ) engine=InnoDB
Hibernate: 
    create table teacher (
        id bigint not null auto_increment,
        name_teacher TEXT,
        primary key (id)
    ) engine=InnoDB
Hibernate: 
    create table teacher_replacement (
        id bigint not null auto_increment,
        name_teacher_replacement TEXT,
        primary key (id)
    ) engine=InnoDB
Hibernate: 
    create table users (
        admin bit,
        chat_id bigint,
        groupss_id bigint,
        id bigint not null,
        keyboard_markup varbinary(255),
        primary key (id)
    ) engine=InnoDB
Hibernate: 
    create table users_seq (
        next_val bigint
    ) engine=InnoDB
Hibernate: 
    insert into users_seq values ( 1 )
Hibernate: 
    alter table schedule 
       add constraint FKe7n46ean4msfykosu0f8sl8b8 
       foreign key (discipline_id) 
       references discipline (id)
Hibernate: 
    alter table schedule 
       add constraint FKeilhvp4yl5cve2lixj87bu5t5 
       foreign key (group_id) 
       references groupa (id)
Hibernate: 
    alter table schedule 
       add constraint FKof1t073hsxioayk2covxfe8um 
       foreign key (teacher_id) 
       references teacher (id)
Hibernate: 
    alter table schedule_replacement 
       add constraint FK6uovl785dsbg32ax9tpub97s1 
       foreign key (discipline_replacement_id) 
       references discipline_replacement (id)
Hibernate: 
    alter table schedule_replacement 
       add constraint FKjmnmetumbvt6kbmh56256lmhb 
       foreign key (group_replacement_id) 
       references group_replacement (id)
Hibernate: 
    alter table schedule_replacement 
       add constraint FKm852ay5f86j40rxdua2yxcp85 
       foreign key (teacher_replacement_id) 
       references teacher_replacement (id)
Hibernate: 
    alter table users 
       add constraint FKrh97ri80311vw4bf8tw4g7b1c 
       foreign key (groupss_id) 
       references groupa (id)
]]></system-out>
  </testcase>
</testsuite>